Warning[205] C:\USERS\1090168441\MPLABXPROJECTS\TRANSMICION_NRF.X\TRANSMISION_NRF.ASM 6 : Found directive in column 1. (LIST)
Warning[207] C:\USERS\1090168441\MPLABXPROJECTS\TRANSMICION_NRF.X\TRANSMISION_NRF.ASM 10 : Found label after column 1. (data_to_send)
Warning[207] C:\USERS\1090168441\MPLABXPROJECTS\TRANSMICION_NRF.X\TRANSMISION_NRF.ASM 11 : Found label after column 1. (delay_min_tx)
Warning[207] C:\USERS\1090168441\MPLABXPROJECTS\TRANSMICION_NRF.X\TRANSMISION_NRF.ASM 12 : Found label after column 1. (delay_modo_tx)
Warning[207] C:\USERS\1090168441\MPLABXPROJECTS\TRANSMICION_NRF.X\TRANSMISION_NRF.ASM 13 : Found label after column 1. (data_status)
Warning[207] C:\USERS\1090168441\MPLABXPROJECTS\TRANSMICION_NRF.X\TRANSMISION_NRF.ASM 14 : Found label after column 1. (data_configuration_C)
Warning[207] C:\USERS\1090168441\MPLABXPROJECTS\TRANSMICION_NRF.X\TRANSMISION_NRF.ASM 15 : Found label after column 1. (data_configuration_A)
Warning[207] C:\USERS\1090168441\MPLABXPROJECTS\TRANSMICION_NRF.X\TRANSMISION_NRF.ASM 16 : Found label after column 1. (data_content)
Warning[207] C:\USERS\1090168441\MPLABXPROJECTS\TRANSMICION_NRF.X\TRANSMISION_NRF.ASM 17 : Found label after column 1. (save_data)
Warning[207] C:\USERS\1090168441\MPLABXPROJECTS\TRANSMICION_NRF.X\TRANSMISION_NRF.ASM 18 : Found label after column 1. (save_data_read)
Warning[207] C:\USERS\1090168441\MPLABXPROJECTS\TRANSMICION_NRF.X\TRANSMISION_NRF.ASM 19 : Found label after column 1. (contador_i)
Warning[207] C:\USERS\1090168441\MPLABXPROJECTS\TRANSMICION_NRF.X\TRANSMISION_NRF.ASM 20 : Found label after column 1. (contador_j)
Warning[207] C:\USERS\1090168441\MPLABXPROJECTS\TRANSMICION_NRF.X\TRANSMISION_NRF.ASM 21 : Found label after column 1. (result_operation_tx)
Warning[207] C:\USERS\1090168441\MPLABXPROJECTS\TRANSMICION_NRF.X\TRANSMISION_NRF.ASM 22 : Found label after column 1. (read_status_config)
Warning[207] C:\USERS\1090168441\MPLABXPROJECTS\TRANSMICION_NRF.X\TRANSMISION_NRF.ASM 23 : Found label after column 1. (trans_tx)
Warning[207] C:\USERS\1090168441\MPLABXPROJECTS\TRANSMICION_NRF.X\TRANSMISION_NRF.ASM 24 : Found label after column 1. (process_finished)
Warning[207] C:\USERS\1090168441\MPLABXPROJECTS\TRANSMICION_NRF.X\TRANSMISION_NRF.ASM 25 : Found label after column 1. (register_address)
Warning[207] C:\USERS\1090168441\MPLABXPROJECTS\TRANSMICION_NRF.X\TRANSMISION_NRF.ASM 26 : Found label after column 1. (enable_checksum)
Warning[207] C:\USERS\1090168441\MPLABXPROJECTS\TRANSMICION_NRF.X\TRANSMISION_NRF.ASM 27 : Found label after column 1. (message_to_send)
Warning[207] C:\USERS\1090168441\MPLABXPROJECTS\TRANSMICION_NRF.X\TRANSMISION_NRF.ASM 28 : Found label after column 1. (message)
