Warning[205] C:\USERS\1090168441\MPLABXPROJECTS\TRANSMICION_NRF.X\TRANSMISION_NRF.ASM 6 : Found directive in column 1. (LIST)
Warning[207] C:\USERS\1090168441\MPLABXPROJECTS\TRANSMICION_NRF.X\TRANSMISION_NRF.ASM 72 : Found label after column 1. (data_to_send)
Warning[207] C:\USERS\1090168441\MPLABXPROJECTS\TRANSMICION_NRF.X\TRANSMISION_NRF.ASM 73 : Found label after column 1. (delay_min_tx)
Warning[207] C:\USERS\1090168441\MPLABXPROJECTS\TRANSMICION_NRF.X\TRANSMISION_NRF.ASM 74 : Found label after column 1. (delay_modo_tx)
Warning[207] C:\USERS\1090168441\MPLABXPROJECTS\TRANSMICION_NRF.X\TRANSMISION_NRF.ASM 75 : Found label after column 1. (data_status)
Warning[207] C:\USERS\1090168441\MPLABXPROJECTS\TRANSMICION_NRF.X\TRANSMISION_NRF.ASM 76 : Found label after column 1. (data_configuration_C)
Warning[207] C:\USERS\1090168441\MPLABXPROJECTS\TRANSMICION_NRF.X\TRANSMISION_NRF.ASM 77 : Found label after column 1. (data_configuration_A)
Warning[207] C:\USERS\1090168441\MPLABXPROJECTS\TRANSMICION_NRF.X\TRANSMISION_NRF.ASM 78 : Found label after column 1. (data_content)
Warning[207] C:\USERS\1090168441\MPLABXPROJECTS\TRANSMICION_NRF.X\TRANSMISION_NRF.ASM 79 : Found label after column 1. (save_data)
Warning[207] C:\USERS\1090168441\MPLABXPROJECTS\TRANSMICION_NRF.X\TRANSMISION_NRF.ASM 80 : Found label after column 1. (save_data_read)
Warning[207] C:\USERS\1090168441\MPLABXPROJECTS\TRANSMICION_NRF.X\TRANSMISION_NRF.ASM 81 : Found label after column 1. (contador_i)
Warning[207] C:\USERS\1090168441\MPLABXPROJECTS\TRANSMICION_NRF.X\TRANSMISION_NRF.ASM 82 : Found label after column 1. (contador_j)
Warning[207] C:\USERS\1090168441\MPLABXPROJECTS\TRANSMICION_NRF.X\TRANSMISION_NRF.ASM 83 : Found label after column 1. (result_operation_tx)
Warning[207] C:\USERS\1090168441\MPLABXPROJECTS\TRANSMICION_NRF.X\TRANSMISION_NRF.ASM 84 : Found label after column 1. (read_status_config)
Warning[207] C:\USERS\1090168441\MPLABXPROJECTS\TRANSMICION_NRF.X\TRANSMISION_NRF.ASM 85 : Found label after column 1. (trans_tx)
Warning[207] C:\USERS\1090168441\MPLABXPROJECTS\TRANSMICION_NRF.X\TRANSMISION_NRF.ASM 86 : Found label after column 1. (process_finished)
Warning[207] C:\USERS\1090168441\MPLABXPROJECTS\TRANSMICION_NRF.X\TRANSMISION_NRF.ASM 87 : Found label after column 1. (register_address)
Warning[207] C:\USERS\1090168441\MPLABXPROJECTS\TRANSMICION_NRF.X\TRANSMISION_NRF.ASM 88 : Found label after column 1. (enable_checksum)
Warning[207] C:\USERS\1090168441\MPLABXPROJECTS\TRANSMICION_NRF.X\TRANSMISION_NRF.ASM 89 : Found label after column 1. (message_to_send)
Warning[207] C:\USERS\1090168441\MPLABXPROJECTS\TRANSMICION_NRF.X\TRANSMISION_NRF.ASM 90 : Found label after column 1. (message)
Warning[207] C:\USERS\1090168441\MPLABXPROJECTS\TRANSMICION_NRF.X\TRANSMISION_NRF.ASM 91 : Found label after column 1. (contador_tx)
